1562945979036	mozrunner::runner	INFO	Running command: "C:\\Program Files\\Mozilla Firefox\\firefox.exe" "-marionette" "-foreground" "-no-remote" "-profile" "C:\\Users\\FARUK\\AppData\\Local\\Temp\\rust_mozprofile.bo10BG5GDxqM"
1562945980043	addons.webextension.screenshots@mozilla.org	WARN	Loading extension 'screenshots@mozilla.org': Reading manifest: Invalid extension permission: mozillaAddons
1562945980044	addons.webextension.screenshots@mozilla.org	WARN	Loading extension 'screenshots@mozilla.org': Reading manifest: Invalid extension permission: resource://pdf.js/
1562945980044	addons.webextension.screenshots@mozilla.org	WARN	Loading extension 'screenshots@mozilla.org': Reading manifest: Invalid extension permission: about:reader*
1562945981521	Marionette	INFO	Listening on port 54996
1562945981756	Marionette	WARN	TLS certificate errors will be ignored for this session
1562945984505	Marionette	INFO	Stopped listening on port 54996
[Child 1788, Chrome_ChildThread] WARNING: pipe error: 109: file z:/task_1559133213/build/src/ipc/chromium/src/chrome/common/ipc_channel_win.cc, line 341
[Child 1788, Chrome_Chi[Parent 11620, Gecko_IOThread] WARNING: pipe error: 109: file z:/task_1559133213/build/src/ipc/chromium/src/chrome/common/ipc_channel_win.cc, line 341
[Child 9092, Chrome_ChildThread] WARNING: pipe error: 109: file z:/task_1559133213/build/src/ipc/chromium/src/chrome/common/ipc_channel_win.cc, line 341
[Child 9092, Chrome_ChildThread] WARNING: pipe[GPU 12468,
###!!! [Child][MessageChannel::SendAndWait] Error: Channel error: cannot send/recv

1562947117718	mozrunner::runner	INFO	Running command: "C:\\Program Files\\Mozilla Firefox\\firefox.exe" "-marionette" "-foreground" "-no-remote" "-profile" "C:\\Users\\FARUK\\AppData\\Local\\Temp\\rust_mozprofile.U7k09Gd4aJDh"
1562947118024	addons.webextension.screenshots@mozilla.org	WARN	Loading extension 'screenshots@mozilla.org': Reading manifest: Invalid extension permission: mozillaAddons
1562947118024	addons.webextension.screenshots@mozilla.org	WARN	Loading extension 'screenshots@mozilla.org': Reading manifest: Invalid extension permission: resource://pdf.js/
1562947118024	addons.webextension.screenshots@mozilla.org	WARN	Loading extension 'screenshots@mozilla.org': Reading manifest: Invalid extension permission: about:reader*
1562947119005	Marionette	INFO	Listening on port 55182
1562947119331	Marionette	WARN	TLS certificate errors will be ignored for this session
1562947121414	Marionette	INFO	Stopped listening on port 55182
[Child 11016, Chrome_ChildThread] WARNING: pipe error: 109: file z:/task_1559133213/build/src/ipc/chromium/src/chrome/common/ipc_channel_win.cc, line 341
[Child 1101[Parent 1432, Gecko_IOThread] WARNING: pipe error: 109: file z:/task_1559133213/build/src/ipc/chromium/src/chrome/common/ipc_channel_win.cc, line 341
[Child 7968, Chrome_ChildThread] WARNING: pipe error: 109: file z:/task_1559133213/build/src/ipc/chromium/src/chrome/common/ipc_channel_win.cc, line 341
[Child 7968, Chrome_ChildThread] WARNING: pipe error: 109: file [Parent 1432, Gecko_IOThread] WARNING: pipe error: 109: file z:/task_1559133213/build/src/ipc/chromium/src/chrome/common/ipc_channel_win.cc, line 341
[Child 11652, Chrome_ChildThread] WARNING: pipe error: 109: file z:/task_1559133213/build/src/ipc/chromium/src/chrome/common/ipc_channel_win.cc, line 341
[Child 11652, Chrom[GPU 
###!!! [Child][RunMessage] Error: Channel closing: too late to send/recv, messages will be lost


###!!! [Child][MessageChannel::SendAndWait] Error: Channel error: cannot send/recv

1562947152162	mozrunner::runner	INFO	Running command: "C:\\Program Files\\Mozilla Firefox\\firefox.exe" "-marionette" "-foreground" "-no-remote" "-profile" "C:\\Users\\FARUK\\AppData\\Local\\Temp\\rust_mozprofile.iNeIa1HMpPA1"
1562947152460	addons.webextension.screenshots@mozilla.org	WARN	Loading extension 'screenshots@mozilla.org': Reading manifest: Invalid extension permission: mozillaAddons
1562947152460	addons.webextension.screenshots@mozilla.org	WARN	Loading extension 'screenshots@mozilla.org': Reading manifest: Invalid extension permission: resource://pdf.js/
1562947152460	addons.webextension.screenshots@mozilla.org	WARN	Loading extension 'screenshots@mozilla.org': Reading manifest: Invalid extension permission: about:reader*
1562947153445	Marionette	INFO	Listening on port 55226
1562947153774	Marionette	WARN	TLS certificate errors will be ignored for this session
1562947155685	Marionette	INFO	Stopped listening on port 55226
[Parent 15044, Gecko_IOThread] WARNING: pipe error: 109: file z:/task_1559133213/build/src/ipc/chromium/src/chrome/common/ipc_channel_win.cc, line 341
[Child 13164, Chrome_ChildThread] WARNING: pipe error: 109: file z:/task_1559133213/build/src/ipc/chromium/src/chrome/common/ipc_channel_win.cc, line 341
[Child 131[Parent 15044, Gecko_IOThread] WARNING: pipe error: 109: file z:/task_1559133213/build/src/ipc/chromium/src/chrome/common/ipc_channel_win.cc, line 341
[Child 8964, Chrome_ChildThread] WARNING: pipe error: 109: file z:/task_1559133213/build/src/ipc/chromium/src/chrome/common/ipc_channel_win.cc, line 341
[Child 8964, Chrome_ChildThread] WARNING: pipe error: 109: file z[Parent 15044, Gecko_IOThread] WARNING: pipe error: 109: file z:/task_1559133213/build/src/ipc/chromium/src/chrome/common/ipc_channel_win.cc, line 341
[Child 8132, Chrome_ChildThread] WARNING: pipe error: 109: file z:/task_1559133213/build/src/ipc/chromium/src/chrome/common/ipc_channel_win.cc, line 341
[Child 8132, Chrome_ChildThread] WARNING
###!!! [Child][RunMessage] Error: Channel closing: too late to send/recv, messages will be lost

[G
###!!! [Child][MessageChannel::SendAndWait] Error: Channel error: cannot send/recv

1562947453075	mozrunner::runner	INFO	Running command: "C:\\Program Files\\Mozilla Firefox\\firefox.exe" "-marionette" "-foreground" "-no-remote" "-profile" "C:\\Users\\FARUK\\AppData\\Local\\Temp\\rust_mozprofile.dvRy4nly43Y6"
1562947453375	addons.webextension.screenshots@mozilla.org	WARN	Loading extension 'screenshots@mozilla.org': Reading manifest: Invalid extension permission: mozillaAddons
1562947453375	addons.webextension.screenshots@mozilla.org	WARN	Loading extension 'screenshots@mozilla.org': Reading manifest: Invalid extension permission: resource://pdf.js/
1562947453375	addons.webextension.screenshots@mozilla.org	WARN	Loading extension 'screenshots@mozilla.org': Reading manifest: Invalid extension permission: about:reader*
1562947454389	Marionette	INFO	Listening on port 55288
1562947454688	Marionette	WARN	TLS certificate errors will be ignored for this session
1562947457293	Marionette	INFO	Stopped listening on port 55288
[Child 13212, Chrome_ChildThread] WARNING: pipe error: 109: file z:/task_1559133213/build/src/ipc/chromium/src/chrome/common/ipc_channel_win.cc, line 341
[Child 13212, Chrome_C[Parent 3052, Gecko_IOThread] WARNING: pipe error: 109: file z:/task_1559133213/build/src/ipc/chromium/src/chrome/common/ipc_channel_win.cc, line 341
[Child 10588, Chrome_ChildThread] WARNING: pipe error: 109: file z:/task_1559133213/build/src/ipc/chromium/src/chrome/common/ipc_channel_win.cc, line 341
[Child 10588, Chrome_ChildThread] WARNING: pipe error: 109: file z[Parent 3052, Gecko_IOThread] WARNING: pipe error: 109: file z:/task_1559133213/build/src/ipc/chromium/src/chrome/common/ipc_channel_win.cc, line 341
[Child 2436, Chrome_ChildThread] WARNING: pipe error: 109: file z:/task_1559133213/build/src/ipc/chromium/src/chrome/common/ipc_channel_win.cc, line 341
[Child 2436,[GPU 82
###!!! [Child][MessageChannel::SendAndWait] Error: Channel error: cannot send/recv

1562949804867	mozrunner::runner	INFO	Running command: "C:\\Program Files\\Mozilla Firefox\\firefox.exe" "-marionette" "-foreground" "-no-remote" "-profile" "C:\\Users\\FARUK\\AppData\\Local\\Temp\\rust_mozprofile.g2kANeQyeVv1"
1562949805188	addons.webextension.screenshots@mozilla.org	WARN	Loading extension 'screenshots@mozilla.org': Reading manifest: Invalid extension permission: mozillaAddons
1562949805188	addons.webextension.screenshots@mozilla.org	WARN	Loading extension 'screenshots@mozilla.org': Reading manifest: Invalid extension permission: resource://pdf.js/
1562949805188	addons.webextension.screenshots@mozilla.org	WARN	Loading extension 'screenshots@mozilla.org': Reading manifest: Invalid extension permission: about:reader*
1562949806338	Marionette	INFO	Listening on port 56066
1562949806479	Marionette	WARN	TLS certificate errors will be ignored for this session
1562949808922	Marionette	INFO	Stopped listening on port 56066
[Parent 12032, Gecko_IOThread] WARNING: pipe error: 109: file z:/task_1559133213/build/src/ipc/chromium/src/chrome/common/ipc_channel_win.cc, line 341
[Child 10692, Chrome_ChildThread] WARNING: pipe error: 109: file z:/task_1559133213/build/src/ipc/chromium/src/chrome/common/ipc_channel_win.cc, line 341
[Child 10692, Chrome_ChildThread] WARNIN[Parent 12032, Gecko_IOThread] WARNING: pipe error: 109: file z:/task_1559133213/build/src/ipc/chromium/src/chrome/common/ipc_channel_win.cc, line 341
[Child 2468, Chrome_ChildThread] WARNING: pipe error: 109: file z:/task_1559133213/build/src/ipc/chromium/src/chrome/common/ipc_channel_win.cc, line 341
[Child 2468, [Parent 12032, Gecko_IOThread] WARNING: pipe error: 109: file z:/task_1559133213/build/src/ipc/chromium/src/chrome/common/ipc_channel_win.cc, line 341
[Child 17364, Chrome_ChildThread] WARNING: pipe error: 109: file z:/task_1559133213/build/src/ipc/chromium/src/chrome/common/ipc_channel_win.cc, line 341
[Child 17364, Ch[GPU 171
###!!! [Child][MessageChannel::SendAndWait] Error: Channel error: cannot send/recv

